Grading at 11/04/2020:21:41:06.947785
For commit ID e73c431dd4aa6dfaa067173e364e0c0e5883b7c4
Grading at Wed Nov  4 16:41:04 EST 2020
Doing some basic sanity checking for your submission

Step 1
Checking that cyoa-step1 compiles
rm -f *~ cyoa-step1 cyoa-step2 cyoa-step3 cyoa-step4 cyoa-step1.o cyoa-step2.o cyoa-step3.o cyoa-step4.o cyoa.o
g++  -c cyoa.cpp
g++  -c cyoa-step1.cpp
g++ -o cyoa-step1 cyoa-step1.o cyoa.o
rm cyoa-step1.o
Testing ./cyoa-step1 story1/page1.txt 
Your file matched the expected output
Testing ./cyoa-step1 story1/page8.txt 
Your file matched the expected output
Testing ./cyoa-step1 story1/page11.txt 
Your file matched the expected output

Step 2
Checking that cyoa-step2 compiles
rm -f *~ cyoa-step1 cyoa-step2 cyoa-step3 cyoa-step4 cyoa-step1.o cyoa-step2.o cyoa-step3.o cyoa-step4.o cyoa.o
g++  -c cyoa.cpp
g++  -c cyoa-step2.cpp
g++ -o cyoa-step2 cyoa-step2.o cyoa.o
rm cyoa-step2.o
Testing ./cyoa-step2 story1 2\n1\n
Your file matched the expected output
Testing ./cyoa-step2 story1 1\n4\n1\n3\n
Your file matched the expected output

Step 3
Checking that cyoa-step3 compiles
rm -f *~ cyoa-step1 cyoa-step2 cyoa-step3 cyoa-step4 cyoa-step1.o cyoa-step2.o cyoa-step3.o cyoa-step4.o cyoa.o
The code did not compile!

Step 4
Checking that cyoa-step4 compiles
rm -f *~ cyoa-step1 cyoa-step2 cyoa-step3 cyoa-step4 cyoa-step1.o cyoa-step2.o cyoa-step3.o cyoa-step4.o cyoa.o
The code did not compile!

Step 1: PASSED
Step 2: PASSED
Step 3: FAILED
Step 4: FAILED

You have NOT passed the pregrader's test cases.
You should go back and debug the indicated step(s).

Overall Grade: NO GRADE YET
